
  .   ____          _            __ _ _
 /\\ / ___'_ __ _ _(_)_ __  __ _ \ \ \ \
( ( )\___ | '_ | '_| | '_ \/ _` | \ \ \ \
 \\/  ___)| |_)| | | | | || (_| |  ) ) ) )
  '  |____| .__|_| |_|_| |_\__, | / / / /
 =========|_|==============|___/=/_/_/_/
 :: Spring Boot ::                (v2.7.5)

2025-03-14 23:56:31.136  INFO 72238 --- [           main] c.e.s.web.SpringDemoApplication          : Starting SpringDemoApplication v0.0.1-SNAPSHOT using Java 1.8.0_361 on andrew-2.local with PID 72238 (/Users/andrew/home/javahome/workspace/springDemo/springdemo-web/target/springdemo-web-0.0.1-SNAPSHOT.jar started by andrew in /Users/andrew/home/javahome/workspace/springDemo)
2025-03-14 23:56:31.142 DEBUG 72238 --- [           main] c.e.s.web.SpringDemoApplication          : Running with Spring Boot v2.7.5, Spring v5.3.23
2025-03-14 23:56:31.144  INFO 72238 --- [           main] c.e.s.web.SpringDemoApplication          : No active profile set, falling back to 1 default profile: "default"
2025-03-14 23:56:32.872  INFO 72238 --- [           main] .s.d.r.c.RepositoryConfigurationDelegate : Multiple Spring Data modules found, entering strict repository configuration mode
2025-03-14 23:56:32.874  INFO 72238 --- [           main] .s.d.r.c.RepositoryConfigurationDelegate : Bootstrapping Spring Data JPA repositories in DEFAULT mode.
2025-03-14 23:56:33.126  INFO 72238 --- [           main] .s.d.r.c.RepositoryConfigurationDelegate : Finished Spring Data repository scanning in 231 ms. Found 1 JPA repository interfaces.
2025-03-14 23:56:33.682  INFO 72238 --- [           main] .s.d.r.c.RepositoryConfigurationDelegate : Multiple Spring Data modules found, entering strict repository configuration mode
2025-03-14 23:56:33.684  INFO 72238 --- [           main] .s.d.r.c.RepositoryConfigurationDelegate : Bootstrapping Spring Data Redis repositories in DEFAULT mode.
2025-03-14 23:56:33.696  INFO 72238 --- [           main] .s.d.r.c.RepositoryConfigurationDelegate : Finished Spring Data repository scanning in 5 ms. Found 0 Redis repository interfaces.
2025-03-14 23:56:35.735  INFO 72238 --- [           main] o.s.b.w.embedded.tomcat.TomcatWebServer  : Tomcat initialized with port(s): 8080 (http)
2025-03-14 23:56:35.759  INFO 72238 --- [           main] o.apache.catalina.core.StandardService   : Starting service [Tomcat]
2025-03-14 23:56:35.759  INFO 72238 --- [           main] org.apache.catalina.core.StandardEngine  : Starting Servlet engine: [Apache Tomcat/9.0.68]
2025-03-14 23:56:36.133  INFO 72238 --- [           main] o.a.c.c.C.[.[localhost].[/springdemo]    : Initializing Spring embedded WebApplicationContext
2025-03-14 23:56:36.134  INFO 72238 --- [           main] w.s.c.ServletWebServerApplicationContext : Root WebApplicationContext: initialization completed in 4783 ms
2025-03-14 23:56:36.595  INFO 72238 --- [           main] com.zaxxer.hikari.HikariDataSource       : HikariPool-1 - Starting...
2025-03-14 23:56:37.220  INFO 72238 --- [           main] com.zaxxer.hikari.HikariDataSource       : HikariPool-1 - Start completed.
2025-03-14 23:56:38.338  INFO 72238 --- [           main] o.hibernate.jpa.internal.util.LogHelper  : HHH000204: Processing PersistenceUnitInfo [name: default]
2025-03-14 23:56:38.439  INFO 72238 --- [           main] org.hibernate.Version                    : HHH000412: Hibernate ORM core version 5.6.12.Final
2025-03-14 23:56:38.930  INFO 72238 --- [           main] o.hibernate.annotations.common.Version   : HCANN000001: Hibernate Commons Annotations {5.1.2.Final}
2025-03-14 23:56:39.167  INFO 72238 --- [           main] org.hibernate.dialect.Dialect            : HHH000400: Using dialect: org.hibernate.dialect.MySQL8Dialect
2025-03-14 23:56:41.217  INFO 72238 --- [           main] o.h.e.t.j.p.i.JtaPlatformInitiator       : HHH000490: Using JtaPlatform implementation: [org.hibernate.engine.transaction.jta.platform.internal.NoJtaPlatform]
2025-03-14 23:56:41.238  INFO 72238 --- [           main] j.LocalContainerEntityManagerFactoryBean : Initialized JPA EntityManagerFactory for persistence unit 'default'
2025-03-14 23:56:41.558  WARN 72238 --- [           main] JpaBaseConfiguration$JpaWebConfiguration : spring.jpa.open-in-view is enabled by default. Therefore, database queries may be performed during view rendering. Explicitly configure spring.jpa.open-in-view to disable this warning
2025-03-14 23:56:42.701  INFO 72238 --- [           main] c.e.s.batch.writer.UserItemWriter        : 创建用户数据写入器
2025-03-14 23:56:43.160  INFO 72238 --- [           main] o.s.s.web.DefaultSecurityFilterChain     : Will secure any request with [org.springframework.security.web.session.DisableEncodeUrlFilter@56e8b606, org.springframework.security.web.context.request.async.WebAsyncManagerIntegrationFilter@2dd29a59, org.springframework.security.web.context.SecurityContextPersistenceFilter@43b6123e, org.springframework.security.web.header.HeaderWriterFilter@71cf1b07, org.springframework.security.web.authentication.logout.LogoutFilter@6f152006, org.springframework.security.web.authentication.UsernamePasswordAuthenticationFilter@3a6f2de3, org.springframework.security.web.savedrequest.RequestCacheAwareFilter@19648c40, org.springframework.security.web.servletapi.SecurityContextHolderAwareRequestFilter@61e94def, org.springframework.security.web.authentication.AnonymousAuthenticationFilter@784c3487, org.springframework.security.web.session.SessionManagementFilter@4fce136b, org.springframework.security.web.access.ExceptionTranslationFilter@3e821657, org.springframework.security.web.access.intercept.FilterSecurityInterceptor@fcb4004]
2025-03-14 23:56:43.662  INFO 72238 --- [           main] o.s.b.a.w.s.WelcomePageHandlerMapping    : Adding welcome page template: index
2025-03-14 23:56:44.087  WARN 72238 --- [           main] o.s.b.a.batch.JpaBatchConfigurer         : JPA does not support custom isolation levels, so locks may not be taken when launching Jobs. To silence this warning, set 'spring.batch.jdbc.isolation-level-for-create' to 'default'.
2025-03-14 23:56:44.146  INFO 72238 --- [           main] o.s.b.c.r.s.JobRepositoryFactoryBean     : No database type set, using meta data indicating: MYSQL
2025-03-14 23:56:44.184  INFO 72238 --- [           main] o.s.b.c.l.support.SimpleJobLauncher      : No TaskExecutor has been set, defaulting to synchronous executor.
2025-03-14 23:56:44.846  WARN 72238 --- [           main] .s.s.UserDetailsServiceAutoConfiguration : 

Using generated security password: bfb21987-da4e-4690-a144-c67a2deca912

This generated password is for development use only. Your security configuration must be updated before running your application in production.

2025-03-14 23:56:44.937  INFO 72238 --- [           main] o.s.b.w.embedded.tomcat.TomcatWebServer  : Tomcat started on port(s): 8080 (http) with context path '/springdemo'
2025-03-14 23:56:44.970  INFO 72238 --- [           main] c.e.s.web.SpringDemoApplication          : Started SpringDemoApplication in 15.207 seconds (JVM running for 16.138)
2025-03-14 23:56:51.888  INFO 72238 --- [nio-8080-exec-1] o.a.c.c.C.[.[localhost].[/springdemo]    : Initializing Spring DispatcherServlet 'dispatcherServlet'
2025-03-14 23:56:51.889  INFO 72238 --- [nio-8080-exec-1] o.s.web.servlet.DispatcherServlet        : Initializing Servlet 'dispatcherServlet'
2025-03-14 23:56:51.900  INFO 72238 --- [nio-8080-exec-1] o.s.web.servlet.DispatcherServlet        : Completed initialization in 10 ms
2025-03-15 00:01:08.704  INFO 72238 --- [ionShutdownHook] j.LocalContainerEntityManagerFactoryBean : Closing JPA EntityManagerFactory for persistence unit 'default'
2025-03-15 00:01:08.726  INFO 72238 --- [ionShutdownHook] com.zaxxer.hikari.HikariDataSource       : HikariPool-1 - Shutdown initiated...
2025-03-15 00:01:08.756  INFO 72238 --- [ionShutdownHook] com.zaxxer.hikari.HikariDataSource       : HikariPool-1 - Shutdown completed.
